{
  "stats": {
    "suites": 1,
    "tests": 1,
    "passes": 1,
    "pending": 0,
    "failures": 0,
    "start": "2020-10-12T23:48:41.261Z",
    "end": "2020-10-12T23:48:44.420Z",
    "duration": 3159,
    "testsRegistered": 1,
    "passPercent": 100,
    "pendingPercent": 0,
    "other": 0,
    "hasOther": false,
    "skipped": 0,
    "hasSkipped": false
  },
  "results": [
    {
      "uuid": "a5f4d34f-e499-42ce-a515-7a850df411a9",
      "title": "",
      "fullFile": "cypress/testSuite/xhrTests/verifyLoginRequestSuccessfull.js",
      "file": "cypress/testSuite/xhrTests/verifyLoginRequestSuccessfull.js",
      "beforeHooks": [],
      "afterHooks": [],
      "tests": [],
      "suites": [
        {
          "uuid": "3180de01-f8e1-40cb-be41-d8f6a431ee38",
          "title": "Hooks",
          "fullFile": "",
          "file": "",
          "beforeHooks": [],
          "afterHooks": [],
          "tests": [
            {
              "title": "Login Unregistered User",
              "fullTitle": "Hooks Login Unregistered User",
              "timedOut": null,
              "duration": 2206,
              "state": "passed",
              "speed": "slow",
              "pass": true,
              "fail": false,
              "pending": false,
              "context": null,
              "code": "var homePage = new _HomePage[\"default\"]();\nvar loginPage = new _loginPage[\"default\"]();\ncy.visit(Cypress.env('url')); // Start server\ncy.server(); //Listen to API Request\ncy.route('Get', 'http://loging.nsncareers.com/').as('getStatusCode');\nhomePage.clickOnLoginLink();\nloginPage.enterUserEmal(this.data.email);\nloginPage.enterUserPassword(this.data.password);\nloginPage.clickOnRememberMeCheckBox();\nloginPage.clickOnLoginButton(); //cy.wait('@getStatusCode').its('status').should('eq',200);",
              "err": {},
              "uuid": "84a7df49-bb1e-4223-94dc-b6cad2286f0b",
              "parentUUID": "3180de01-f8e1-40cb-be41-d8f6a431ee38",
              "isHook": false,
              "skipped": false
            }
          ],
          "suites": [],
          "passes": [
            "84a7df49-bb1e-4223-94dc-b6cad2286f0b"
          ],
          "failures": [],
          "pending": [],
          "skipped": [],
          "duration": 2206,
          "root": false,
          "rootEmpty": false,
          "_timeout": 2000
        }
      ],
      "passes": [],
      "failures": [],
      "pending": [],
      "skipped": [],
      "duration": 0,
      "root": true,
      "rootEmpty": true,
      "_timeout": 2000
    }
  ],
  "meta": {
    "mocha": {
      "version": "7.0.1"
    },
    "mochawesome": {
      "options": {
        "quiet": false,
        "reportFilename": "mochawesome",
        "saveHtml": true,
        "saveJson": true,
        "consoleReporter": "spec",
        "useInlineDiffs": false,
        "code": true
      },
      "version": "6.1.1"
    },
    "marge": {
      "options": null,
      "version": "5.1.0"
    }
  }
}