{
  "stats": {
    "suites": 1,
    "tests": 1,
    "passes": 1,
    "pending": 0,
    "failures": 0,
    "start": "2020-08-20T13:15:34.361Z",
    "end": "2020-08-20T13:15:38.923Z",
    "duration": 4562,
    "testsRegistered": 1,
    "passPercent": 100,
    "pendingPercent": 0,
    "other": 0,
    "hasOther": false,
    "skipped": 0,
    "hasSkipped": false
  },
  "results": [
    {
      "uuid": "2ebe3344-1c3a-43da-a2d3-bbaf618c755f",
      "title": "",
      "fullFile": "cypress/testSuite/registerTests/RegisterUserTest.js",
      "file": "cypress/testSuite/registerTests/RegisterUserTest.js",
      "beforeHooks": [],
      "afterHooks": [],
      "tests": [],
      "suites": [
        {
          "uuid": "94ca38d2-39fb-4add-9681-20eb3f048a37",
          "title": "Hooks",
          "fullFile": "",
          "file": "",
          "beforeHooks": [],
          "afterHooks": [],
          "tests": [
            {
              "title": "Register new User",
              "fullTitle": "Hooks Register new User",
              "timedOut": null,
              "duration": 3665,
              "state": "passed",
              "speed": "slow",
              "pass": true,
              "fail": false,
              "pending": false,
              "context": null,
              "code": "var homePage = new _HomePage[\"default\"]();\nvar registerPage = new _RegisterPage[\"default\"]();\ncy.visit(Cypress.env('url'));\nhomePage.clickOnRegisterLink(); //var el = registerPage.getCreateAccountElement();\nregisterPage.enterUserEmal(this.data.email1);\nregisterPage.enterUserPassword(this.data.password);\nregisterPage.enterUserConfirmPassword(this.data.password);\ncy.get('button[type=\"submit\"]').click();\ncy.elementContainsText('div>main>h1', 'Register confirmation');\ncy.elementContainsText('div>main>p', 'Please check your email to confirm your account.');",
              "err": {},
              "uuid": "ebc39c8a-c706-4cf2-a4dd-2862f302af9a",
              "parentUUID": "94ca38d2-39fb-4add-9681-20eb3f048a37",
              "isHook": false,
              "skipped": false
            }
          ],
          "suites": [],
          "passes": [
            "ebc39c8a-c706-4cf2-a4dd-2862f302af9a"
          ],
          "failures": [],
          "pending": [],
          "skipped": [],
          "duration": 3665,
          "root": false,
          "rootEmpty": false,
          "_timeout": 2000
        }
      ],
      "passes": [],
      "failures": [],
      "pending": [],
      "skipped": [],
      "duration": 0,
      "root": true,
      "rootEmpty": true,
      "_timeout": 2000
    }
  ],
  "meta": {
    "mocha": {
      "version": "7.0.1"
    },
    "mochawesome": {
      "options": {
        "quiet": false,
        "reportFilename": "mochawesome",
        "saveHtml": true,
        "saveJson": true,
        "consoleReporter": "spec",
        "useInlineDiffs": false,
        "code": true
      },
      "version": "6.1.1"
    },
    "marge": {
      "options": null,
      "version": "5.1.0"
    }
  }
}